# JRE version: Java(TM) SE Runtime Environment (8.0_231-b11) (build 1.8.0_231-b11)
# Java VM: Java HotSpot(TM) 64-Bit Server VM (25.231-b11 mixed mode windows-amd64 compressed oops)
Heap:
 def new generation   total 17280K, used 2874K [0x00000000c8000000, 0x00000000c92c0000, 0x00000000daaa0000)
  eden space 15360K,  18% used [0x00000000c8000000, 0x00000000c82ceb80, 0x00000000c8f00000)
  from space 1920K,   0% used [0x00000000c8f00000, 0x00000000c8f00000, 0x00000000c90e0000)
  to   space 1920K,   0% used [0x00000000c90e0000, 0x00000000c90e0000, 0x00000000c92c0000)
 tenured generation   total 38272K, used 1726K [0x00000000daaa0000, 0x00000000dd000000, 0x0000000100000000)
   the space 38272K,   4% used [0x00000000daaa0000, 0x00000000dac4f948, 0x00000000dac4fa00, 0x00000000dd000000)
 Metaspace       used 11077K, capacity 11194K, committed 11392K, reserved 1060864K
  class space    used 1488K, capacity 1534K, committed 1664K, reserved 1048576K
GC Heap History (6 events):
Event: 2.391 GC heap before
{Heap before GC invocations=0 (full 0):
 def new generation   total 17216K, used 4919K [0x00000000c8000000, 0x00000000c92a0000, 0x00000000daaa0000)
  eden space 15360K,  32% used [0x00000000c8000000, 0x00000000c84cdf60, 0x00000000c8f00000)
  from space 1856K,   0% used [0x00000000c8f00000, 0x00000000c8f00000, 0x00000000c90d0000)
  to   space 1856K,   0% used [0x00000000c90d0000, 0x00000000c90d0000, 0x00000000c92a0000)
 tenured generation   total 38272K, used 0K [0x00000000daaa0000, 0x00000000dd000000, 0x0000000100000000)
   the space 38272K,   0% used [0x00000000daaa0000, 0x00000000daaa0000, 0x00000000daaa0200, 0x00000000dd000000)
 Metaspace       used 10815K, capacity 10922K, committed 11008K, reserved 1062912K
  class space    used 1459K, capacity 1508K, committed 1536K, reserved 1048576K
Event: 2.443 GC heap after
Heap after GC invocations=1 (full 1):
 def new generation   total 17280K, used 0K [0x00000000c8000000, 0x00000000c92c0000, 0x00000000daaa0000)
  eden space 15360K,   0% used [0x00000000c8000000, 0x00000000c8000000, 0x00000000c8f00000)
  from space 1920K,   0% used [0x00000000c8f00000, 0x00000000c8f00000, 0x00000000c90e0000)
  to   space 1920K,   0% used [0x00000000c90e0000, 0x00000000c90e0000, 0x00000000c92c0000)
 tenured generation   total 38272K, used 1704K [0x00000000daaa0000, 0x00000000dd000000, 0x0000000100000000)
   the space 38272K,   4% used [0x00000000daaa0000, 0x00000000dac4a340, 0x00000000dac4a400, 0x00000000dd000000)
 Metaspace       used 10815K, capacity 10922K, committed 11008K, reserved 1060864K
  class space    used 1459K, capacity 1508K, committed 1536K, reserved 1048576K
}
Event: 2.463 GC heap before
{Heap before GC invocations=1 (full 1):
 def new generation   total 17280K, used 1537K [0x00000000c8000000, 0x00000000c92c0000, 0x00000000daaa0000)
  eden space 15360K,  10% used [0x00000000c8000000, 0x00000000c8180408, 0x00000000c8f00000)
  from space 1920K,   0% used [0x00000000c8f00000, 0x00000000c8f00000, 0x00000000c90e0000)
  to   space 1920K,   0% used [0x00000000c90e0000, 0x00000000c90e0000, 0x00000000c92c0000)
 tenured generation   total 38272K, used 1704K [0x00000000daaa0000, 0x00000000dd000000, 0x0000000100000000)
   the space 38272K,   4% used [0x00000000daaa0000, 0x00000000dac4a340, 0x00000000dac4a400, 0x00000000dd000000)
 Metaspace       used 10827K, capacity 10986K, committed 11264K, reserved 1060864K
  class space    used 1464K, capacity 1508K, committed 1536K, reserved 1048576K
Event: 2.477 GC heap after
Heap after GC invocations=2 (full 2):
 def new generation   total 17280K, used 0K [0x00000000c8000000, 0x00000000c92c0000, 0x00000000daaa0000)
  eden space 15360K,   0% used [0x00000000c8000000, 0x00000000c8000000, 0x00000000c8f00000)
  from space 1920K,   0% used [0x00000000c8f00000, 0x00000000c8f00000, 0x00000000c90e0000)
  to   space 1920K,   0% used [0x00000000c90e0000, 0x00000000c90e0000, 0x00000000c92c0000)
 tenured generation   total 38272K, used 1726K [0x00000000daaa0000, 0x00000000dd000000, 0x0000000100000000)
   the space 38272K,   4% used [0x00000000daaa0000, 0x00000000dac4f948, 0x00000000dac4fa00, 0x00000000dd000000)
 Metaspace       used 10827K, capacity 10986K, committed 11264K, reserved 1060864K
  class space    used 1464K, capacity 1508K, committed 1536K, reserved 1048576K
}
Event: 2.477 GC heap before
{Heap before GC invocations=2 (full 2):
 def new generation   total 17280K, used 0K [0x00000000c8000000, 0x00000000c92c0000, 0x00000000daaa0000)
  eden space 15360K,   0% used [0x00000000c8000000, 0x00000000c8000000, 0x00000000c8f00000)
  from space 1920K,   0% used [0x00000000c8f00000, 0x00000000c8f00000, 0x00000000c90e0000)
  to   space 1920K,   0% used [0x00000000c90e0000, 0x00000000c90e0000, 0x00000000c92c0000)
 tenured generation   total 38272K, used 1726K [0x00000000daaa0000, 0x00000000dd000000, 0x0000000100000000)
   the space 38272K,   4% used [0x00000000daaa0000, 0x00000000dac4f948, 0x00000000dac4fa00, 0x00000000dd000000)
 Metaspace       used 10827K, capacity 10986K, committed 11264K, reserved 1060864K
  class space    used 1464K, capacity 1508K, committed 1536K, reserved 1048576K
Event: 2.491 GC heap after
Heap after GC invocations=3 (full 3):
 def new generation   total 17280K, used 0K [0x00000000c8000000, 0x00000000c92c0000, 0x00000000daaa0000)
  eden space 15360K,   0% used [0x00000000c8000000, 0x00000000c8000000, 0x00000000c8f00000)
  from space 1920K,   0% used [0x00000000c8f00000, 0x00000000c8f00000, 0x00000000c90e0000)
  to   space 1920K,   0% used [0x00000000c90e0000, 0x00000000c90e0000, 0x00000000c92c0000)
 tenured generation   total 38272K, used 1726K [0x00000000daaa0000, 0x00000000dd000000, 0x0000000100000000)
   the space 38272K,   4% used [0x00000000daaa0000, 0x00000000dac4f948, 0x00000000dac4fa00, 0x00000000dd000000)
 Metaspace       used 10817K, capacity 10970K, committed 11264K, reserved 1060864K
  class space    used 1461K, capacity 1502K, committed 1536K, reserved 1048576K
}

